995:C 06 Dec 2021 15:57:17.160 # oO0OoO0OoO0Oo Redis is starting oO0OoO0OoO0Oo
995:C 06 Dec 2021 15:57:17.160 # Redis version=6.0.9, bits=64, commit=00000000, modified=0, pid=995, just started
995:C 06 Dec 2021 15:57:17.160 # Warning: no config file specified, using the default config. In order to specify a config file use /usr/local/bin/redis-server /path/to/redis.conf
995:M 06 Dec 2021 15:57:17.161 * Increased maximum number of open files to 10032 (it was originally set to 256).
995:M 06 Dec 2021 15:57:17.162 * Running mode=standalone, port=6379.
995:M 06 Dec 2021 15:57:17.162 # Server initialized
995:M 06 Dec 2021 15:57:17.162 * Ready to accept connections
995:M 06 Dec 2021 16:57:18.015 * 1 changes in 3600 seconds. Saving...
995:M 06 Dec 2021 16:57:18.018 * Background saving started by pid 2263
2263:C 06 Dec 2021 16:57:18.023 * DB saved on disk
995:M 06 Dec 2021 16:57:18.118 * Background saving terminated with success
995:M 06 Dec 2021 18:20:40.381 * 1 changes in 3600 seconds. Saving...
995:M 06 Dec 2021 18:20:40.384 * Background saving started by pid 4243
4243:C 06 Dec 2021 18:20:40.394 * DB saved on disk
995:M 06 Dec 2021 18:20:40.485 * Background saving terminated with success
995:M 06 Dec 2021 19:20:41.096 * 1 changes in 3600 seconds. Saving...
995:M 06 Dec 2021 19:20:41.100 * Background saving started by pid 5642
5642:C 06 Dec 2021 19:20:41.110 * DB saved on disk
995:M 06 Dec 2021 19:20:41.203 * Background saving terminated with success
995:M 06 Dec 2021 20:20:42.047 * 1 changes in 3600 seconds. Saving...
995:M 06 Dec 2021 20:20:42.053 * Background saving started by pid 7937
7937:C 06 Dec 2021 20:20:42.061 * DB saved on disk
995:M 06 Dec 2021 20:20:42.153 * Background saving terminated with success
